  Client.cpp
E:\Users\Dani\Documents\ENTI\3er\Programacio de Jocs en xarxa\Proves\ChatLib\Game.h(47): warning C4244: '=': conversión de 'float' a 'clock_t'; posible pérdida de datos
Client.cpp(214): warning C4305: 'argumento': truncamiento de 'double' a 'float'
Client.cpp(215): warning C4244: 'argumento': conversión de 'int' a 'float'; posible pérdida de datos
Client.cpp(246): warning C4305: 'argumento': truncamiento de 'double' a 'float'
Client.cpp(247): warning C4244: 'argumento': conversión de 'int' a 'float'; posible pérdida de datos
Client.cpp(333): warning C4305: 'argumento': truncamiento de 'double' a 'float'
Client.cpp(334): warning C4244: 'argumento': conversión de 'int' a 'float'; posible pérdida de datos
Client.cpp(365): warning C4305: 'argumento': truncamiento de 'double' a 'float'
Client.cpp(366): warning C4244: 'argumento': conversión de 'int' a 'float'; posible pérdida de datos
Client.cpp(388): warning C4305: 'argumento': truncamiento de 'double' a 'float'
Client.cpp(512): warning C4305: 'argumento': truncamiento de 'double' a 'float'
Client.cpp(530): warning C4305: 'argumento': truncamiento de 'double' a 'float'
Client.cpp(588): warning C4244: 'argumento': conversión de 'int' a 'float'; posible pérdida de datos
Client.cpp(590): warning C4305: 'argumento': truncamiento de 'double' a 'float'
Client.cpp(607): warning C4244: 'argumento': conversión de 'int' a 'float'; posible pérdida de datos
Client.cpp(609): warning C4305: 'argumento': truncamiento de 'double' a 'float'
Client.cpp(690): warning C4244: 'argumento': conversión de 'double' a 'float'; posible pérdida de datos
Client.cpp(692): warning C4244: 'argumento': conversión de 'double' a 'float'; posible pérdida de datos
Client.cpp(701): warning C4244: 'argumento': conversión de 'int' a 'float'; posible pérdida de datos
Client.cpp(705): warning C4244: 'argumento': conversión de 'int' a 'float'; posible pérdida de datos
Client.cpp(710): warning C4244: 'argumento': conversión de 'int' a 'float'; posible pérdida de datos
Client.cpp(714): warning C4244: 'argumento': conversión de 'int' a 'float'; posible pérdida de datos
Client.cpp(492): warning C4101: 'key': variable local sin referencia
  Generando código
  1 of 221 functions ( 0.5%) were compiled, the rest were copied from previous compilation.
    0 functions were new in current compilation
    0 functions had inline decision re-evaluated but remain unchanged
  Generación de código finalizada
ChatLib.lib(MessageManager.obj) : warning LNK4099: no se encontró PDB 'ChatLib.pdb' con 'ChatLib.lib(MessageManager.obj)' o en 'E:\Users\Dani\Documents\ENTI\3er\Programacio de Jocs en xarxa\Proves\x64\Release\ChatLib.pdb'; se vinculará el objeto sin tener en cuenta información de depuración
  Client.vcxproj -> E:\Users\Dani\Documents\ENTI\3er\Programacio de Jocs en xarxa\Proves\x64\Release\Client.exe
  Client.vcxproj -> E:\Users\Dani\Documents\ENTI\3er\Programacio de Jocs en xarxa\Proves\x64\Release\Client.pdb (Full PDB)
